<?xml version="1.0" encoding="UTF-8"?>
<!-- Generated by org.testng.reporters.JUnitReportReporter -->
<testsuite hostname="LAPTOP-A4L8FQHQ" failures="0" tests="3" name="com.testcases.TestCaseTC001" time="12.722" errors="0" timestamp="2023-05-09T11:56:53 IST" skipped="0">
  <testcase classname="com.testcases.TestCaseTC001" name="logintest" time="2.823"/>
  <system-out/>
  <testcase classname="com.testcases.TestCaseTC001" name="addtocart" time="5.728"/>
  <system-out/>
  <testcase classname="com.testcases.TestCaseTC001" name="bagpage" time="4.171"/>
  <system-out/>
</testsuite> <!-- com.testcases.TestCaseTC001 -->
